#
# There is insufficient memory for the Java Runtime Environment to continue.
# Native memory allocation (malloc) failed to allocate 1048576 bytes for AllocateHeap
# Possible reasons:
#   The system is out of physical RAM or swap space
#   In 32 bit mode, the process size limit was hit
# Possible solutions:
#   Reduce memory load on the system
#   Increase physical memory or swap space
#   Check if swap backing store is full
#   Use 64 bit Java on a 64 bit OS
#   Decrease Java heap size (-Xmx/-Xms)
#   Decrease number of Java threads
#   Decrease Java thread stack sizes (-Xss)
#   Set larger code cache with -XX:ReservedCodeCacheSize=
# This output file may be truncated or incomplete.
#
#  Out of Memory Error (memory/allocation.inline.hpp:61), pid=13656, tid=0x0000000000003e40
#
# JRE version:  (8.0_131-b11) (build )
# Java VM: Java HotSpot(TM) 64-Bit Server VM (25.131-b11 mixed mode windows-amd64 compressed oops)
# Failed to write core dump. Minidumps are not enabled by default on client versions of Windows
#

---------------  T H R E A D  ---------------

Current thread (0x000000000244d800):  JavaThread "Unknown thread" [_thread_in_vm, id=15936, stack(0x00000000025c0000,0x00000000026c0000)]

Stack: [0x00000000025c0000,0x00000000026c0000]
[error occurred during error reporting (printing stack bounds), id 0xc0000005]

Native frames: (J=compiled Java code, j=interpreted, Vv=VM code, C=native code)


---------------  P R O C E S S  ---------------

Java Threads: ( => current thread )

Other Threads:

=>0x000000000244d800 (exited) JavaThread "Unknown thread" [_thread_in_vm, id=15936, stack(0x00000000025c0000,0x00000000026c0000)]

VM state:not at safepoint (normal execution)

VM Mutex/Monitor currently owned by a thread: None

Heap:
 PSYoungGen      total 37888K, used 655K [0x00000000d6100000, 0x00000000d8b00000, 0x0000000100000000)
  eden space 32768K, 2% used [0x00000000d6100000,0x00000000d61a3d80,0x00000000d8100000)
  from space 5120K, 0% used [0x00000000d8600000,0x00000000d8600000,0x00000000d8b00000)
  to   space 5120K, 0% used [0x00000000d8100000,0x00000000d8100000,0x00000000d8600000)
 ParOldGen       total 86016K, used 0K [0x0000000082200000, 0x0000000087600000, 0x00000000d6100000)
  object space 86016K, 0% used [0x0000000082200000,0x0000000082200000,0x0000000087600000)
 Metaspace       used 746K, capacity 4480K, committed 4480K, reserved 1056768K
  class space    used 75K, capacity 384K, committed 384K, reserved 1048576K

Card table byte_map: [0x0000000011b80000,0x0000000011f70000] byte_map_base: 0x000000001176f000

Marking Bits: (ParMarkBitMap*) 0x000000007229c720
 Begin Bits: [0x0000000012610000, 0x0000000014588000)
 End Bits:   [0x0000000014588000, 0x0000000016500000)

Polling page: 0x00000000005f0000

CodeCache: size=245760Kb used=328Kb max_used=328Kb free=245431Kb
 bounds [0x00000000027c0000, 0x0000000002a30000, 0x00000000117c0000]
 total_blobs=58 nmethods=0 adapters=38
 compilation: enabled

Compilation events (0 events):
No events

GC Heap History (0 events):
No events

Deoptimization events (0 events):
No events

Internal exceptions (0 events):
No events

Events (10 events):
Event: 0.019 loading class java/lang/Short
Event: 0.019 loading class java/lang/Short done
Event: 0.019 loading class java/lang/Integer
Event: 0.020 loading class java/lang/Integer done
Event: 0.020 loading class java/lang/Long
Event: 0.020 loading class java/lang/Long done
Event: 0.020 loading class java/lang/NullPointerException
Event: 0.020 loading class java/lang/NullPointerException done
Event: 0.020 loading class java/lang/ArithmeticException
Event: 0.020 loading class java/lang/ArithmeticException done


Dynamic libraries:
0x00007ff658480000 - 0x00007ff6584b7000 	C:\Program Files\Java\jre1.8.0_131\bin\javaw.exe
0x00007fff4dad0000 - 0x00007fff4dcb1000 	C:\WINDOWS\SYSTEM32\ntdll.dll
0x00007fff4b290000 - 0x00007fff4b342000 	C:\WINDOWS\System32\KERNEL32.DLL
0x00007fff4a320000 - 0x00007fff4a593000 	C:\WINDOWS\System32\KERNELBASE.dll
0x00007fff4ba60000 - 0x00007fff4bb01000 	C:\WINDOWS\System32\ADVAPI32.dll
0x00007fff4b350000 - 0x00007fff4b3ee000 	C:\WINDOWS\System32\msvcrt.dll
0x00007fff4b910000 - 0x00007fff4b96b000 	C:\WINDOWS\System32\sechost.dll
0x00007fff4c0f0000 - 0x00007fff4c214000 	C:\WINDOWS\System32\RPCRT4.dll
0x00007fff4b490000 - 0x00007fff4b620000 	C:\WINDOWS\System32\USER32.dll
0x00007fff4ad50000 - 0x00007fff4ad70000 	C:\WINDOWS\System32\win32u.dll
0x00007fff4b8e0000 - 0x00007fff4b908000 	C:\WINDOWS\System32\GDI32.dll
0x00007fff4a0b0000 - 0x00007fff4a242000 	C:\WINDOWS\System32\gdi32full.dll
0x00007fff4acb0000 - 0x00007fff4ad4f000 	C:\WINDOWS\System32\msvcp_win.dll
0x00007fff49f00000 - 0x00007fff49ffa000 	C:\WINDOWS\System32\ucrtbase.dll
0x00007fff3ff60000 - 0x00007fff401c9000 	C:\WINDOWS\WinSxS\amd64_microsoft.windows.common-controls_6595b64144ccf1df_6.0.17134.285_none_fb4297e330656775\COMCTL32.dll
0x00007fff4c280000 - 0x00007fff4c5a3000 	C:\WINDOWS\System32\combase.dll
0x00007fff4a2a0000 - 0x00007fff4a31a000 	C:\WINDOWS\System32\bcryptPrimitives.dll
0x00007fff4b3f0000 - 0x00007fff4b41d000 	C:\WINDOWS\System32\IMM32.DLL
0x00000000730a0000 - 0x0000000073172000 	C:\Program Files\Java\jre1.8.0_131\bin\msvcr100.dll
0x0000000071a80000 - 0x000000007231c000 	C:\Program Files\Java\jre1.8.0_131\bin\server\jvm.dll
0x00007fff4c630000 - 0x00007fff4c638000 	C:\WINDOWS\System32\PSAPI.DLL
0x00007fff3df80000 - 0x00007fff3dfa3000 	C:\WINDOWS\SYSTEM32\WINMM.dll
0x00007fff3f1d0000 - 0x00007fff3f1d9000 	C:\WINDOWS\SYSTEM32\WSOCK32.dll
0x00007fff4b620000 - 0x00007fff4b68c000 	C:\WINDOWS\System32\WS2_32.dll
0x00007fff401d0000 - 0x00007fff401da000 	C:\WINDOWS\SYSTEM32\VERSION.dll
0x00007fff3dc60000 - 0x00007fff3dc8a000 	C:\WINDOWS\SYSTEM32\WINMMBASE.dll
0x00007fff4a250000 - 0x00007fff4a299000 	C:\WINDOWS\System32\cfgmgr32.dll
0x00000000750e0000 - 0x00000000750ef000 	C:\Program Files\Java\jre1.8.0_131\bin\verify.dll
0x0000000073d30000 - 0x0000000073d59000 	C:\Program Files\Java\jre1.8.0_131\bin\java.dll
0x00000000750c0000 - 0x00000000750d6000 	C:\Program Files\Java\jre1.8.0_131\bin\zip.dll

VM Arguments:
jvm_args: -Dfile.encoding=Cp1252 
java_command: kattis.taketwostones
java_class_path (initial): C:\Program Files\Java\jre1.8.0_131\lib\resources.jar;C:\Program Files\Java\jre1.8.0_131\lib\rt.jar;C:\Program Files\Java\jre1.8.0_131\lib\jsse.jar;C:\Program Files\Java\jre1.8.0_131\lib\jce.jar;C:\Program Files\Java\jre1.8.0_131\lib\charsets.jar;C:\Program Files\Java\jre1.8.0_131\lib\jfr.jar;C:\Program Files\Java\jre1.8.0_131\lib\ext\access-bridge-64.jar;C:\Program Files\Java\jre1.8.0_131\lib\ext\cldrdata.jar;C:\Program Files\Java\jre1.8.0_131\lib\ext\dnsns.jar;C:\Program Files\Java\jre1.8.0_131\lib\ext\jaccess.jar;C:\Program Files\Java\jre1.8.0_131\lib\ext\jfxrt.jar;C:\Program Files\Java\jre1.8.0_131\lib\ext\localedata.jar;C:\Program Files\Java\jre1.8.0_131\lib\ext\nashorn.jar;C:\Program Files\Java\jre1.8.0_131\lib\ext\sunec.jar;C:\Program Files\Java\jre1.8.0_131\lib\ext\sunjce_provider.jar;C:\Program Files\Java\jre1.8.0_131\lib\ext\sunmscapi.jar;C:\Program Files\Java\jre1.8.0_131\lib\ext\sunpkcs11.jar;C:\Program Files\Java\jre1.8.0_131\lib\ext\zipfs.jar;C:\Users\usr\Documents\GitHub\Programmering1\bin
Launcher Type: SUN_STANDARD

Environment Variables:
PATH=C:/Program Files/Java/jre1.8.0_131/bin/server;C:/Program Files/Java/jre1.8.0_131/bin;C:/Program Files/Java/jre1.8.0_131/lib/amd64;C:\ProgramData\Oracle\Java\javapath;C:\WINDOWS\system32;C:\WINDOWS;C:\WINDOWS\System32\Wbem;C:\WINDOWS\System32\WindowsPowerShell\v1.0\;C:\Program Files (x86)\QuickTime\QTSystem\;C:\Program Files (x86)\Windows Kits\10\Windows Performance Toolkit\;C:\Program Files\Microsoft SQL Server\130\Tools\Binn\;C:\Program Files\dotnet\;C:\Program Files\Microsoft SQL Server\120\DTS\Binn\;C:\Program Files\Microsoft SQL Server\Client SDK\ODBC\110\Tools\Binn\;C:\Program Files (x86)\Microsoft SQL Server\120\Tools\Binn\;C:\Program Files\Microsoft SQL Server\120\Tools\Binn\;C:\Program Files (x86)\Microsoft SQL Server\120\Tools\Binn\ManagementStudio\;C:\Program Files (x86)\Microsoft SQL Server\120\DTS\Binn\;C:\Program Files\PuTTY\;C:\Program Files (x86)\GtkSharp\2.12\bin;C:\Program Files (x86)\Brackets\command;C:\WINDOWS\System32\OpenSSH\;C:\Program Files\Git\cmd;C:\Users\usr\AppData\Local\Microsoft\WindowsApps;C:\Users\usr\AppData\Local\GitHubDesktop\bin;C:\Users\usr\Desktop;
USERNAME=Linus
OS=Windows_NT
PROCESSOR_IDENTIFIER=Intel64 Family 6 Model 158 Stepping 9, GenuineIntel



---------------  S Y S T E M  ---------------

OS: Windows 10.0 , 64 bit Build 17134 (10.0.17134.1)

CPU:total 4 (initial active 4) (4 cores per cpu, 1 threads per core) family 6 model 158 stepping 9, cmov, cx8, fxsr, mmx, sse, sse2, sse3, ssse3, sse4.1, sse4.2, popcnt, avx, avx2, aes, clmul, erms, rtm, 3dnowpref, lzcnt, tsc, tscinvbit, bmi1, bmi2, adx

Memory: 4k page, physical 8247072k(1180908k free), swap 8247072k(6036k free)

vm_info: Java HotSpot(TM) 64-Bit Server VM (25.131-b11) for windows-amd64 JRE (1.8.0_131-b11), built on Mar 15 2017 01:23:53 by "java_re" with MS VC++ 10.0 (VS2010)

time: Mon Sep 24 19:52:15 2018
elapsed time: 0 seconds (0d 0h 0m 0s)

