#
# There is insufficient memory for the Java Runtime Environment to continue.
# Native memory allocation (malloc) failed to allocate 1260016 bytes for Chunk::new
# Possible reasons:
#   The system is out of physical RAM or swap space
#   In 32 bit mode, the process size limit was hit
# Possible solutions:
#   Reduce memory load on the system
#   Increase physical memory or swap space
#   Check if swap backing store is full
#   Use 64 bit Java on a 64 bit OS
#   Decrease Java heap size (-Xmx/-Xms)
#   Decrease number of Java threads
#   Decrease Java thread stack sizes (-Xss)
#   Set larger code cache with -XX:ReservedCodeCacheSize=
# This output file may be truncated or incomplete.
#
#  Out of Memory Error (allocation.cpp:390), pid=5680, tid=0x0000000000002cc0
#
# JRE version: Java(TM) SE Runtime Environment (8.0_131-b11) (build 1.8.0_131-b11)
# Java VM: Java HotSpot(TM) 64-Bit Server VM (25.131-b11 mixed mode windows-amd64 compressed oops)
# Failed to write core dump. Minidumps are not enabled by default on client versions of Windows
#

---------------  T H R E A D  ---------------

Current thread (0x0000000016f8e000):  JavaThread "C2 CompilerThread0" daemon [_thread_in_native, id=11456, stack(0x00000000185e0000,0x00000000186e0000)]

Stack: [0x00000000185e0000,0x00000000186e0000]
[error occurred during error reporting (printing stack bounds), id 0xc0000005]

Native frames: (J=compiled Java code, j=interpreted, Vv=VM code, C=native code)


Current CompileTask:
C2:  57374 2450   !   4       javafx.scene.CssStyleHelper::transitionToState (1075 bytes)


---------------  P R O C E S S  ---------------

Java Threads: ( => current thread )
  0x000000001923b800 JavaThread "Prism Font Disposer" daemon [_thread_blocked, id=3292, stack(0x0000000022ef0000,0x0000000022ff0000)]
  0x00000000190e0000 JavaThread "Thread-3" daemon [_thread_in_native, id=16296, stack(0x0000000020830000,0x0000000020930000)]
  0x0000000019144000 JavaThread "JavaFX-Launcher" [_thread_blocked, id=3676, stack(0x0000000020930000,0x0000000020a30000)]
  0x000000001906d000 JavaThread "JavaFX Application Thread" [_thread_in_native, id=10160, stack(0x0000000019c30000,0x0000000019d30000)]
  0x0000000019054800 JavaThread "Thread-1" daemon [_thread_blocked, id=16440, stack(0x0000000019b30000,0x0000000019c30000)]
  0x000000001902b000 JavaThread "QuantumRenderer-0" daemon [_thread_blocked, id=2636, stack(0x0000000019820000,0x0000000019920000)]
  0x0000000016fee800 JavaThread "Service Thread" daemon [_thread_blocked, id=10484, stack(0x0000000018ce0000,0x0000000018de0000)]
  0x0000000016f98800 JavaThread "C1 CompilerThread2" daemon [_thread_blocked, id=16976, stack(0x00000000187e0000,0x00000000188e0000)]
  0x0000000016f90000 JavaThread "C2 CompilerThread1" daemon [_thread_blocked, id=15204, stack(0x00000000186e0000,0x00000000187e0000)]
=>0x0000000016f8e000 JavaThread "C2 CompilerThread0" daemon [_thread_in_native, id=11456, stack(0x00000000185e0000,0x00000000186e0000)]
  0x0000000016f8c000 JavaThread "Attach Listener" daemon [_thread_blocked, id=9504, stack(0x00000000184e0000,0x00000000185e0000)]
  0x0000000016f8a800 JavaThread "Signal Dispatcher" daemon [_thread_blocked, id=13052, stack(0x00000000183e0000,0x00000000184e0000)]
  0x00000000024bb000 JavaThread "Finalizer" daemon [_thread_blocked, id=6792, stack(0x00000000181e0000,0x00000000182e0000)]
  0x0000000016f59000 JavaThread "Reference Handler" daemon [_thread_blocked, id=3220, stack(0x00000000180e0000,0x00000000181e0000)]
  0x00000000003fd800 JavaThread "main" [_thread_blocked, id=16036, stack(0x0000000002220000,0x0000000002320000)]

Other Threads:
  0x0000000016f57000 VMThread [stack: 0x0000000017fe0000,0x00000000180e0000] [id=16960]
  0x0000000018935800 WatcherThread [stack: 0x0000000018f20000,0x0000000019020000] [id=12548]

VM state:not at safepoint (normal execution)

VM Mutex/Monitor currently owned by a thread: None

Heap:
 PSYoungGen      total 37888K, used 10304K [0x00000000d6100000, 0x00000000d8b00000, 0x0000000100000000)
  eden space 32768K, 17% used [0x00000000d6100000,0x00000000d6673608,0x00000000d8100000)
  from space 5120K, 92% used [0x00000000d8100000,0x00000000d859cad0,0x00000000d8600000)
  to   space 5120K, 0% used [0x00000000d8600000,0x00000000d8600000,0x00000000d8b00000)
 ParOldGen       total 86016K, used 4112K [0x0000000082200000, 0x0000000087600000, 0x00000000d6100000)
  object space 86016K, 4% used [0x0000000082200000,0x0000000082604020,0x0000000087600000)
 Metaspace       used 14373K, capacity 14942K, committed 14976K, reserved 1062912K
  class space    used 2021K, capacity 2174K, committed 2176K, reserved 1048576K

Card table byte_map: [0x0000000011880000,0x0000000011c70000] byte_map_base: 0x000000001146f000

Marking Bits: (ParMarkBitMap*) 0x000000007159c720
 Begin Bits: [0x0000000012310000, 0x0000000014288000)
 End Bits:   [0x0000000014288000, 0x0000000016200000)

Polling page: 0x0000000002320000

CodeCache: size=245760Kb used=7442Kb max_used=7442Kb free=238317Kb
 bounds [0x00000000024c0000, 0x0000000002c10000, 0x00000000114c0000]
 total_blobs=3048 nmethods=2428 adapters=532
 compilation: enabled

Compilation events (10 events):
Event: 57.259 Thread 0x0000000016f98800 2453       3       com.sun.prism.impl.ps.BaseShaderGraphics::renderGeneralRoundedRect (388 bytes)
Event: 57.260 Thread 0x0000000016f98800 nmethod 2453 0x0000000002c04b50 code [0x0000000002c04d80, 0x0000000002c05ef8]
Event: 57.260 Thread 0x0000000016f98800 2454       3       com.sun.prism.impl.VertexBuffer::addMappedPgram (527 bytes)
Event: 57.260 Thread 0x0000000016f98800 nmethod 2454 0x0000000002c06dd0 code [0x0000000002c06fc0, 0x0000000002c07a78]
Event: 57.274 Thread 0x0000000016f98800 2455       3       com.sun.javafx.tk.quantum.ViewPainter::doPaint (205 bytes)
Event: 57.275 Thread 0x0000000016f98800 nmethod 2455 0x0000000002c08c50 code [0x0000000002c08ec0, 0x0000000002c0a0c8]
Event: 57.275 Thread 0x0000000016f98800 2456       3       com.sun.javafx.tk.quantum.GlassScene::clearEntireSceneDirty (6 bytes)
Event: 57.275 Thread 0x0000000016f98800 nmethod 2456 0x0000000002c04810 code [0x0000000002c04960, 0x0000000002c04ad0]
Event: 57.275 Thread 0x0000000016f98800 2457       3       com.sun.prism.impl.BaseGraphics::setCamera (6 bytes)
Event: 57.275 Thread 0x0000000016f98800 nmethod 2457 0x0000000002c044d0 code [0x0000000002c04620, 0x0000000002c04790]

GC Heap History (2 events):
Event: 15.046 GC heap before
{Heap before GC invocations=1 (full 0):
 PSYoungGen      total 37888K, used 32768K [0x00000000d6100000, 0x00000000d8b00000, 0x0000000100000000)
  eden space 32768K, 100% used [0x00000000d6100000,0x00000000d8100000,0x00000000d8100000)
  from space 5120K, 0% used [0x00000000d8600000,0x00000000d8600000,0x00000000d8b00000)
  to   space 5120K, 0% used [0x00000000d8100000,0x00000000d8100000,0x00000000d8600000)
 ParOldGen       total 86016K, used 0K [0x0000000082200000, 0x0000000087600000, 0x00000000d6100000)
  object space 86016K, 0% used [0x0000000082200000,0x0000000082200000,0x0000000087600000)
 Metaspace       used 14031K, capacity 14682K, committed 14720K, reserved 1062912K
  class space    used 2017K, capacity 2174K, committed 2176K, reserved 1048576K
Event: 15.051 GC heap after
Heap after GC invocations=1 (full 0):
 PSYoungGen      total 37888K, used 4722K [0x00000000d6100000, 0x00000000d8b00000, 0x0000000100000000)
  eden space 32768K, 0% used [0x00000000d6100000,0x00000000d6100000,0x00000000d8100000)
  from space 5120K, 92% used [0x00000000d8100000,0x00000000d859cad0,0x00000000d8600000)
  to   space 5120K, 0% used [0x00000000d8600000,0x00000000d8600000,0x00000000d8b00000)
 ParOldGen       total 86016K, used 4112K [0x0000000082200000, 0x0000000087600000, 0x00000000d6100000)
  object space 86016K, 4% used [0x0000000082200000,0x0000000082604020,0x0000000087600000)
 Metaspace       used 14031K, capacity 14682K, committed 14720K, reserved 1062912K
  class space    used 2017K, capacity 2174K, committed 2176K, reserved 1048576K
}

Deoptimization events (10 events):
Event: 13.708 Thread 0x000000001906d000 Uncommon trap: reason=class_check action=maybe_recompile pc=0x00000000029b5ed0 method=javafx.scene.Node.getGeomBounds(Lcom/sun/javafx/geom/BaseBounds;Lcom/sun/javafx/geom/transform/BaseTransform;)Lcom/sun/javafx/geom/BaseBounds; @ 1
Event: 13.708 Thread 0x000000001906d000 Uncommon trap: reason=class_check action=maybe_recompile pc=0x00000000029b5ed0 method=javafx.scene.Node.getGeomBounds(Lcom/sun/javafx/geom/BaseBounds;Lcom/sun/javafx/geom/transform/BaseTransform;)Lcom/sun/javafx/geom/BaseBounds; @ 1
Event: 13.708 Thread 0x000000001906d000 Uncommon trap: reason=unstable_if action=reinterpret pc=0x00000000029b5f14 method=javafx.scene.Node.updateGeomBounds()V @ 4
Event: 13.710 Thread 0x000000001906d000 Uncommon trap: reason=unstable_if action=reinterpret pc=0x00000000029d2e28 method=javafx.scene.Node.updateGeomBounds()V @ 4
Event: 15.043 Thread 0x000000001906d000 Uncommon trap: reason=class_check action=maybe_recompile pc=0x00000000027af414 method=sun.misc.URLClassPath.getLoader(I)Lsun/misc/URLClassPath$Loader; @ 239
Event: 15.044 Thread 0x000000001906d000 Uncommon trap: reason=class_check action=maybe_recompile pc=0x00000000027af414 method=sun.misc.URLClassPath.getLoader(I)Lsun/misc/URLClassPath$Loader; @ 239
Event: 15.044 Thread 0x000000001906d000 Uncommon trap: reason=class_check action=maybe_recompile pc=0x00000000027af414 method=sun.misc.URLClassPath.getLoader(I)Lsun/misc/URLClassPath$Loader; @ 239
Event: 15.045 Thread 0x000000001906d000 Uncommon trap: reason=class_check action=maybe_recompile pc=0x00000000027af414 method=sun.misc.URLClassPath.getLoader(I)Lsun/misc/URLClassPath$Loader; @ 239
Event: 15.045 Thread 0x000000001906d000 Uncommon trap: reason=class_check action=maybe_recompile pc=0x00000000027aa538 method=sun.misc.URLClassPath.getLoader(I)Lsun/misc/URLClassPath$Loader; @ 239
Event: 15.053 Thread 0x000000001906d000 Uncommon trap: reason=unstable_if action=reinterpret pc=0x000000000297ae94 method=java.lang.ThreadLocal$ThreadLocalMap.getEntry(Ljava/lang/ThreadLocal;)Ljava/lang/ThreadLocal$ThreadLocalMap$Entry; @ 21

Internal exceptions (10 events):
Event: 0.135 Thread 0x00000000003fd800 Exception <a 'java/security/PrivilegedActionException'> (0x00000000d63c6ec0) thrown at [C:\re\workspace\8-2-build-windows-amd64-cygwin\jdk8u131\8869\hotspot\src\share\vm\prims\jvm.cpp, line 1390]
Event: 0.135 Thread 0x00000000003fd800 Exception <a 'java/security/PrivilegedActionException'> (0x00000000d63c70d0) thrown at [C:\re\workspace\8-2-build-windows-amd64-cygwin\jdk8u131\8869\hotspot\src\share\vm\prims\jvm.cpp, line 1390]
Event: 0.136 Thread 0x00000000003fd800 Exception <a 'java/security/PrivilegedActionException'> (0x00000000d63cad40) thrown at [C:\re\workspace\8-2-build-windows-amd64-cygwin\jdk8u131\8869\hotspot\src\share\vm\prims\jvm.cpp, line 1390]
Event: 0.136 Thread 0x00000000003fd800 Exception <a 'java/security/PrivilegedActionException'> (0x00000000d63caf50) thrown at [C:\re\workspace\8-2-build-windows-amd64-cygwin\jdk8u131\8869\hotspot\src\share\vm\prims\jvm.cpp, line 1390]
Event: 0.136 Thread 0x00000000003fd800 Exception <a 'java/lang/NullPointerException'> (0x00000000d63cb8b8) thrown at [C:\re\workspace\8-2-build-windows-amd64-cygwin\jdk8u131\8869\hotspot\src\share\vm\interpreter\linkResolver.cpp, line 1197]
Event: 0.336 Thread 0x000000001906d000 Exception <a 'java/lang/NullPointerException'> (0x00000000d6d2e0d8) thrown at [C:\re\workspace\8-2-build-windows-amd64-cygwin\jdk8u131\8869\hotspot\src\share\vm\interpreter\linkResolver.cpp, line 1197]
Event: 0.336 Thread 0x000000001906d000 Exception <a 'java/lang/NullPointerException'> (0x00000000d6d2e0d8) thrown at [C:\re\workspace\8-2-build-windows-amd64-cygwin\jdk8u131\8869\hotspot\src\share\vm\prims\jvm.cpp, line 1394]
Event: 0.432 Thread 0x000000001906d000 Implicit null exception at 0x00000000027120b5 to 0x0000000002712285
Event: 0.661 Thread 0x000000001906d000 Implicit null exception at 0x00000000027daa8a to 0x00000000027dbb61
Event: 15.053 Thread 0x000000001906d000 Implicit null exception at 0x000000000297adf4 to 0x000000000297ae75

Events (10 events):
Event: 39.265 Thread 0x0000000016f90000 flushing nmethod 0x00000000025ec010
Event: 39.265 Thread 0x0000000016f90000 flushing nmethod 0x00000000025ecb10
Event: 39.265 Thread 0x0000000016f90000 flushing nmethod 0x00000000025ed010
Event: 39.265 Thread 0x0000000016f90000 flushing nmethod 0x00000000025eea50
Event: 39.265 Thread 0x0000000016f90000 flushing nmethod 0x00000000025eed90
Event: 39.307 Thread 0x0000000016f98800 flushing nmethod 0x00000000026054d0
Event: 39.307 Thread 0x0000000016f98800 flushing nmethod 0x000000000263b450
Event: 39.307 Thread 0x0000000016f98800 flushing nmethod 0x0000000002647e90
Event: 53.503 loading class javafx/scene/input/MouseEvent$1
Event: 53.503 loading class javafx/scene/input/MouseEvent$1 done


Dynamic libraries:
0x00007ff6234e0000 - 0x00007ff623517000 	C:\Program Files\Java\jre1.8.0_131\bin\javaw.exe
0x00007ffae9fa0000 - 0x00007ffaea181000 	C:\WINDOWS\SYSTEM32\ntdll.dll
0x00007ffae7440000 - 0x00007ffae74f1000 	C:\WINDOWS\System32\KERNEL32.DLL
0x00007ffae6fa0000 - 0x00007ffae7213000 	C:\WINDOWS\System32\KERNELBASE.dll
0x00007ffae8630000 - 0x00007ffae86d1000 	C:\WINDOWS\System32\ADVAPI32.dll
0x00007ffae80d0000 - 0x00007ffae816e000 	C:\WINDOWS\System32\msvcrt.dll
0x00007ffae8170000 - 0x00007ffae81cb000 	C:\WINDOWS\System32\sechost.dll
0x00007ffae7b20000 - 0x00007ffae7c44000 	C:\WINDOWS\System32\RPCRT4.dll
0x00007ffae7830000 - 0x00007ffae79c0000 	C:\WINDOWS\System32\USER32.dll
0x00007ffae66d0000 - 0x00007ffae66f0000 	C:\WINDOWS\System32\win32u.dll
0x00007ffae9e60000 - 0x00007ffae9e88000 	C:\WINDOWS\System32\GDI32.dll
0x00007ffae6e00000 - 0x00007ffae6f91000 	C:\WINDOWS\System32\gdi32full.dll
0x00007ffae72d0000 - 0x00007ffae736f000 	C:\WINDOWS\System32\msvcp_win.dll
0x00007ffae6360000 - 0x00007ffae6458000 	C:\WINDOWS\System32\ucrtbase.dll
0x00007ffad4c50000 - 0x00007ffad4eb9000 	C:\WINDOWS\WinSxS\amd64_microsoft.windows.common-controls_6595b64144ccf1df_6.0.17134.1067_none_d401a3eb7c8ebdea\COMCTL32.dll
0x00007ffae9b30000 - 0x00007ffae9e51000 	C:\WINDOWS\System32\combase.dll
0x00007ffae6650000 - 0x00007ffae66c9000 	C:\WINDOWS\System32\bcryptPrimitives.dll
0x00007ffae7c50000 - 0x00007ffae7c7d000 	C:\WINDOWS\System32\IMM32.DLL
0x0000000070ca0000 - 0x0000000070d72000 	C:\Program Files\Java\jre1.8.0_131\bin\msvcr100.dll
0x0000000070d80000 - 0x000000007161c000 	C:\Program Files\Java\jre1.8.0_131\bin\server\jvm.dll
0x00007ffae81d0000 - 0x00007ffae81d8000 	C:\WINDOWS\System32\PSAPI.DLL
0x00007ffacfaf0000 - 0x00007ffacfaf9000 	C:\WINDOWS\SYSTEM32\WSOCK32.dll
0x00007ffaddd60000 - 0x00007ffaddd83000 	C:\WINDOWS\SYSTEM32\WINMM.dll
0x00007ffae7fa0000 - 0x00007ffae800c000 	C:\WINDOWS\System32\WS2_32.dll
0x00007ffae0260000 - 0x00007ffae026a000 	C:\WINDOWS\SYSTEM32\VERSION.dll
0x00007ffaddc90000 - 0x00007ffaddcba000 	C:\WINDOWS\SYSTEM32\WINMMBASE.dll
0x00007ffae7370000 - 0x00007ffae73b9000 	C:\WINDOWS\System32\cfgmgr32.dll
0x00000000738f0000 - 0x00000000738ff000 	C:\Program Files\Java\jre1.8.0_131\bin\verify.dll
0x00000000738c0000 - 0x00000000738e9000 	C:\Program Files\Java\jre1.8.0_131\bin\java.dll
0x00000000738a0000 - 0x00000000738b6000 	C:\Program Files\Java\jre1.8.0_131\bin\zip.dll
0x00007ffae86e0000 - 0x00007ffae9b24000 	C:\WINDOWS\System32\SHELL32.dll
0x00007ffae7510000 - 0x00007ffae75b9000 	C:\WINDOWS\System32\shcore.dll
0x00007ffae66f0000 - 0x00007ffae6e00000 	C:\WINDOWS\System32\windows.storage.dll
0x00007ffae9f10000 - 0x00007ffae9f61000 	C:\WINDOWS\System32\shlwapi.dll
0x00007ffae6320000 - 0x00007ffae6331000 	C:\WINDOWS\System32\kernel.appcore.dll
0x00007ffae62f0000 - 0x00007ffae630f000 	C:\WINDOWS\System32\profapi.dll
0x00007ffae62a0000 - 0x00007ffae62ec000 	C:\WINDOWS\System32\powrprof.dll
0x00007ffae6310000 - 0x00007ffae631a000 	C:\WINDOWS\System32\FLTLIB.DLL
0x00007ffad6590000 - 0x00007ffad667f000 	C:\Program Files\Java\jre1.8.0_131\bin\msvcr120.dll
0x00007ffad57e0000 - 0x00007ffad5886000 	C:\Program Files\Java\jre1.8.0_131\bin\msvcp120.dll
0x00000000737f0000 - 0x0000000073812000 	C:\Program Files\Java\jre1.8.0_131\bin\prism_d3d.dll
0x00007ffaa1200000 - 0x00007ffaa1397000 	C:\WINDOWS\system32\d3d9.dll
0x00007ffae4640000 - 0x00007ffae4669000 	C:\WINDOWS\SYSTEM32\dwmapi.dll
0x00007ffae3f20000 - 0x00007ffae3fb8000 	C:\WINDOWS\system32\uxtheme.dll
0x00007ffab2d80000 - 0x00007ffab2f6b000 	C:\WINDOWS\System32\DriverStore\FileRepository\ki 129523.inf_amd64_32947eecf8f3e231\igdumdim64.dll
0x00007ffa91940000 - 0x00007ffa94ebd000 	C:\WINDOWS\System32\DriverStore\FileRepository\ki 129523.inf_amd64_32947eecf8f3e231\igd9dxva64.dll
0x00007ffae79c0000 - 0x00007ffae7b11000 	C:\WINDOWS\System32\ole32.dll
0x00007ffae75c0000 - 0x00007ffae7682000 	C:\WINDOWS\System32\OLEAUT32.dll
0x00000000737a0000 - 0x00000000737e3000 	C:\Program Files\Java\jre1.8.0_131\bin\glass.dll
0x00007ffae7eb0000 - 0x00007ffae7f9d000 	C:\WINDOWS\System32\COMDLG32.dll
0x00007ffae7c80000 - 0x00007ffae7df4000 	C:\WINDOWS\System32\MSCTF.dll
0x00007ffad3020000 - 0x00007ffad3044000 	C:\WINDOWS\System32\DriverStore\FileRepository\ki 129523.inf_amd64_32947eecf8f3e231\igdinfo64.dll
0x00007ffad7090000 - 0x00007ffad8f91000 	C:\WINDOWS\System32\DriverStore\FileRepository\ki 129523.inf_amd64_32947eecf8f3e231\igc64.dll
0x0000000073780000 - 0x0000000073794000 	C:\Program Files\Java\jre1.8.0_131\bin\javafx_font.dll
0x00007ffad1b60000 - 0x00007ffad1e7a000 	C:\WINDOWS\SYSTEM32\dwrite.dll
0x00007ffae7e00000 - 0x00007ffae7ea0000 	C:\WINDOWS\System32\clbcatq.dll
0x00007ffadc840000 - 0x00007ffadc9ee000 	C:\WINDOWS\SYSTEM32\WindowsCodecs.dll
0x00007ffacf2c0000 - 0x00007ffacf318000 	C:\WINDOWS\system32\dataexchange.dll
0x00007ffae2a50000 - 0x00007ffae2d5b000 	C:\WINDOWS\system32\d3d11.dll
0x00007ffae3420000 - 0x00007ffae35bc000 	C:\WINDOWS\system32\dcomp.dll
0x00007ffae5030000 - 0x00007ffae50eb000 	C:\WINDOWS\system32\dxgi.dll
0x00007ffae4670000 - 0x00007ffae4828000 	C:\WINDOWS\system32\twinapi.appcore.dll
0x00007ffae48e0000 - 0x00007ffae4901000 	C:\WINDOWS\system32\RMCLIENT.dll
0x00007ffadd030000 - 0x00007ffadd064000 	C:\Program Files\Common Files\Microsoft Shared\Ink\rtscom.dll
0x00007ffad8fc0000 - 0x00007ffad9056000 	C:\WINDOWS\System32\TextInputFramework.dll
0x00007ffadc9f0000 - 0x00007ffadcd0e000 	C:\WINDOWS\System32\CoreUIComponents.dll
0x00007ffae3900000 - 0x00007ffae39da000 	C:\WINDOWS\System32\CoreMessaging.dll
0x00007ffae5360000 - 0x00007ffae5391000 	C:\WINDOWS\SYSTEM32\ntmarta.dll
0x00007ffae1b00000 - 0x00007ffae1c4d000 	C:\WINDOWS\SYSTEM32\wintypes.dll
0x0000000070c80000 - 0x0000000070c91000 	C:\Program Files\Java\jre1.8.0_131\bin\prism_common.dll

VM Arguments:
jvm_args: -Dfile.encoding=Cp1252 
java_command: Miniraknare.Skarm
java_class_path (initial): C:\Program Files\Java\jre1.8.0_131\lib\resources.jar;C:\Program Files\Java\jre1.8.0_131\lib\rt.jar;C:\Program Files\Java\jre1.8.0_131\lib\jsse.jar;C:\Program Files\Java\jre1.8.0_131\lib\jce.jar;C:\Program Files\Java\jre1.8.0_131\lib\charsets.jar;C:\Program Files\Java\jre1.8.0_131\lib\jfr.jar;C:\Program Files\Java\jre1.8.0_131\lib\ext\access-bridge-64.jar;C:\Program Files\Java\jre1.8.0_131\lib\ext\cldrdata.jar;C:\Program Files\Java\jre1.8.0_131\lib\ext\dnsns.jar;C:\Program Files\Java\jre1.8.0_131\lib\ext\jaccess.jar;C:\Program Files\Java\jre1.8.0_131\lib\ext\jfxrt.jar;C:\Program Files\Java\jre1.8.0_131\lib\ext\localedata.jar;C:\Program Files\Java\jre1.8.0_131\lib\ext\nashorn.jar;C:\Program Files\Java\jre1.8.0_131\lib\ext\sunec.jar;C:\Program Files\Java\jre1.8.0_131\lib\ext\sunjce_provider.jar;C:\Program Files\Java\jre1.8.0_131\lib\ext\sunmscapi.jar;C:\Program Files\Java\jre1.8.0_131\lib\ext\sunpkcs11.jar;C:\Program Files\Java\jre1.8.0_131\lib\ext\zipfs.jar;C:\Users\usr\Documents\GitHub\Programmering1\bin;C:\Users\usr\Desktop\HangmanConsoleWindow.jar
Launcher Type: SUN_STANDARD

Environment Variables:
PATH=C:/Program Files/Java/jre1.8.0_131/bin/server;C:/Program Files/Java/jre1.8.0_131/bin;C:/Program Files/Java/jre1.8.0_131/lib/amd64;C:\ProgramData\Oracle\Java\javapath;C:\WINDOWS\system32;C:\WINDOWS;C:\WINDOWS\System32\Wbem;C:\WINDOWS\System32\WindowsPowerShell\v1.0\;C:\Program Files (x86)\QuickTime\QTSystem\;C:\Program Files (x86)\Windows Kits\10\Windows Performance Toolkit\;C:\Program Files\Microsoft SQL Server\130\Tools\Binn\;C:\Program Files\dotnet\;C:\Program Files\Microsoft SQL Server\120\DTS\Binn\;C:\Program Files\Microsoft SQL Server\Client SDK\ODBC\110\Tools\Binn\;C:\Program Files (x86)\Microsoft SQL Server\120\Tools\Binn\;C:\Program Files\Microsoft SQL Server\120\Tools\Binn\;C:\Program Files (x86)\Microsoft SQL Server\120\Tools\Binn\ManagementStudio\;C:\Program Files (x86)\Microsoft SQL Server\120\DTS\Binn\;C:\Program Files\PuTTY\;C:\Program Files (x86)\GtkSharp\2.12\bin;C:\Program Files (x86)\Brackets\command;C:\WINDOWS\System32\OpenSSH\;C:\Program Files\Git\cmd;C:\Users\usr\AppData\Local\Microsoft\WindowsApps;C:\Users\usr\AppData\Local\GitHubDesktop\bin;C:\Users\usr\eclipse\java-photon\eclipse;
USERNAME=Linus
OS=Windows_NT
PROCESSOR_IDENTIFIER=Intel64 Family 6 Model 158 Stepping 9, GenuineIntel



---------------  S Y S T E M  ---------------

OS: Windows 10.0 , 64 bit Build 17134 (10.0.17134.753)

CPU:total 4 (initial active 4) (4 cores per cpu, 1 threads per core) family 6 model 158 stepping 9, cmov, cx8, fxsr, mmx, sse, sse2, sse3, ssse3, sse4.1, sse4.2, popcnt, avx, avx2, aes, clmul, erms, rtm, 3dnowpref, lzcnt, tsc, tscinvbit, bmi1, bmi2, adx

Memory: 4k page, physical 8247072k(1365056k free), swap 8247072k(5328k free)

vm_info: Java HotSpot(TM) 64-Bit Server VM (25.131-b11) for windows-amd64 JRE (1.8.0_131-b11), built on Mar 15 2017 01:23:53 by "java_re" with MS VC++ 10.0 (VS2010)

time: Wed Nov 06 15:25:06 2019
elapsed time: 57 seconds (0d 0h 0m 57s)

